2022-11-17 09:42:08,178 Authentication successful
2022-11-17 09:42:08,179 Unexpected parameter: wait_on_rate_limit
2022-11-17 09:42:08,179 Unexpected parameter: since
2022-11-17 09:42:08,179 PARAMS: {'q': 'SenzoMeyiwatrial', 'lang': 'en', 'wait_on_rate_limit': 'True', 'since': '2022-11-15', 'until': '2022-11-17', 'tweet_mode': 'extended'}
2022-11-17 09:42:08,179 Signing request <PreparedRequest [GET]> using client <Client client_key=bpjfkCLCi4l1eerAzReaQ9XUl, client_secret=****, resource_owner_key=1579383058645618688-BZvAvQNpSeUFojvR6Qbja4FUlkeLxy, resource_owner_secret=****, signature_method=HMAC-SHA1, signature_type=AUTH_HEADER, callback_uri=None, rsa_key=None, verifier=None, realm=None, encoding=utf-8, decoding=None, nonce=None, timestamp=None>
2022-11-17 09:42:08,191 Including body in call to sign: False
2022-11-17 09:42:08,191 Collected params: [('q', 'SenzoMeyiwatrial'), ('lang', 'en'), ('wait_on_rate_limit', 'True'), ('since', '2022-11-15'), ('until', '2022-11-17'), ('tweet_mode', 'extended'), ('oauth_nonce', '112844636089212123881668670928'), ('oauth_timestamp', '1668670928'), ('oauth_version', '1.0'), ('oauth_signature_method', 'HMAC-SHA1'), ('oauth_consumer_key', 'bpjfkCLCi4l1eerAzReaQ9XUl'), ('oauth_token', '1579383058645618688-BZvAvQNpSeUFojvR6Qbja4FUlkeLxy')]
2022-11-17 09:42:08,192 Normalized params: lang=en&oauth_consumer_key=bpjfkCLCi4l1eerAzReaQ9XUl&oauth_nonce=112844636089212123881668670928&oauth_signature_method=HMAC-SHA1&oauth_timestamp=1668670928&oauth_token=1579383058645618688-BZvAvQNpSeUFojvR6Qbja4FUlkeLxy&oauth_version=1.0&q=SenzoMeyiwatrial&since=2022-11-15&tweet_mode=extended&until=2022-11-17&wait_on_rate_limit=True
2022-11-17 09:42:08,192 Normalized URI: https://api.twitter.com/1.1/search/tweets.json
2022-11-17 09:42:08,192 Signing: signature base string: GET&https%3A%2F%2Fapi.twitter.com%2F1.1%2Fsearch%2Ftweets.json&lang%3Den%26oauth_consumer_key%3DbpjfkCLCi4l1eerAzReaQ9XUl%26oauth_nonce%3D112844636089212123881668670928%26oauth_signature_method%3DHMAC-SHA1%26oauth_timestamp%3D1668670928%26oauth_token%3D1579383058645618688-BZvAvQNpSeUFojvR6Qbja4FUlkeLxy%26oauth_version%3D1.0%26q%3DSenzoMeyiwatrial%26since%3D2022-11-15%26tweet_mode%3Dextended%26until%3D2022-11-17%26wait_on_rate_limit%3DTrue
2022-11-17 09:42:08,192 Signature: UfNSEjxjF4ECmRdWqubCZEyHWac=
2022-11-17 09:42:08,192 Updated url: https://api.twitter.com/1.1/search/tweets.json?q=SenzoMeyiwatrial&lang=en&wait_on_rate_limit=True&since=2022-11-15&until=2022-11-17&tweet_mode=extended
2022-11-17 09:42:08,192 Updated headers: {'User-Agent': 'Python/3.10.7 Requests/2.28.1 Tweepy/4.11.0', 'Accept-Encoding': 'gzip, deflate', 'Accept': '*/*', 'Connection': 'keep-alive', 'Authorization': 'OAuth oauth_nonce="112844636089212123881668670928", oauth_timestamp="1668670928", oauth_version="1.0", oauth_signature_method="HMAC-SHA1", oauth_consumer_key="bpjfkCLCi4l1eerAzReaQ9XUl", oauth_token="1579383058645618688-BZvAvQNpSeUFojvR6Qbja4FUlkeLxy", oauth_signature="UfNSEjxjF4ECmRdWqubCZEyHWac%3D"'}
2022-11-17 09:42:08,192 Updated body: None
2022-11-17 09:42:08,193 Starting new HTTPS connection (1): api.twitter.com:443
2022-11-17 09:42:09,216 https://api.twitter.com:443 "GET /1.1/search/tweets.json?q=SenzoMeyiwatrial&lang=en&wait_on_rate_limit=True&since=2022-11-15&until=2022-11-17&tweet_mode=extended HTTP/1.1" 200 13067
2022-11-17 09:42:09,221 Unexpected parameter: wait_on_rate_limit
2022-11-17 09:42:09,221 Unexpected parameter: since
2022-11-17 09:42:09,221 PARAMS: {'q': 'SenzoMeyiwatrial', 'max_id': '1593025181546852352', 'lang': 'en', 'wait_on_rate_limit': 'True', 'since': '2022-11-15', 'until': '2022-11-17', 'tweet_mode': 'extended'}
2022-11-17 09:42:09,222 Signing request <PreparedRequest [GET]> using client <Client client_key=bpjfkCLCi4l1eerAzReaQ9XUl, client_secret=****, resource_owner_key=1579383058645618688-BZvAvQNpSeUFojvR6Qbja4FUlkeLxy, resource_owner_secret=****, signature_method=HMAC-SHA1, signature_type=AUTH_HEADER, callback_uri=None, rsa_key=None, verifier=None, realm=None, encoding=utf-8, decoding=None, nonce=None, timestamp=None>
2022-11-17 09:42:09,222 Including body in call to sign: False
2022-11-17 09:42:09,222 Collected params: [('q', 'SenzoMeyiwatrial'), ('max_id', '1593025181546852352'), ('lang', 'en'), ('wait_on_rate_limit', 'True'), ('since', '2022-11-15'), ('until', '2022-11-17'), ('tweet_mode', 'extended'), ('oauth_nonce', '140670954884615226481668670929'), ('oauth_timestamp', '1668670929'), ('oauth_version', '1.0'), ('oauth_signature_method', 'HMAC-SHA1'), ('oauth_consumer_key', 'bpjfkCLCi4l1eerAzReaQ9XUl'), ('oauth_token', '1579383058645618688-BZvAvQNpSeUFojvR6Qbja4FUlkeLxy')]
2022-11-17 09:42:09,222 Normalized params: lang=en&max_id=1593025181546852352&oauth_consumer_key=bpjfkCLCi4l1eerAzReaQ9XUl&oauth_nonce=140670954884615226481668670929&oauth_signature_method=HMAC-SHA1&oauth_timestamp=1668670929&oauth_token=1579383058645618688-BZvAvQNpSeUFojvR6Qbja4FUlkeLxy&oauth_version=1.0&q=SenzoMeyiwatrial&since=2022-11-15&tweet_mode=extended&until=2022-11-17&wait_on_rate_limit=True
2022-11-17 09:42:09,222 Normalized URI: https://api.twitter.com/1.1/search/tweets.json
2022-11-17 09:42:09,222 Signing: signature base string: GET&https%3A%2F%2Fapi.twitter.com%2F1.1%2Fsearch%2Ftweets.json&lang%3Den%26max_id%3D1593025181546852352%26oauth_consumer_key%3DbpjfkCLCi4l1eerAzReaQ9XUl%26oauth_nonce%3D140670954884615226481668670929%26oauth_signature_method%3DHMAC-SHA1%26oauth_timestamp%3D1668670929%26oauth_token%3D1579383058645618688-BZvAvQNpSeUFojvR6Qbja4FUlkeLxy%26oauth_version%3D1.0%26q%3DSenzoMeyiwatrial%26since%3D2022-11-15%26tweet_mode%3Dextended%26until%3D2022-11-17%26wait_on_rate_limit%3DTrue
2022-11-17 09:42:09,222 Signature: uVISabipVXNMMG/eazBk1RFcRNs=
2022-11-17 09:42:09,222 Updated url: https://api.twitter.com/1.1/search/tweets.json?q=SenzoMeyiwatrial&max_id=1593025181546852352&lang=en&wait_on_rate_limit=True&since=2022-11-15&until=2022-11-17&tweet_mode=extended
2022-11-17 09:42:09,222 Updated headers: {'User-Agent': 'Python/3.10.7 Requests/2.28.1 Tweepy/4.11.0', 'Accept-Encoding': 'gzip, deflate', 'Accept': '*/*', 'Connection': 'keep-alive', 'Cookie': 'guest_id=v1%3A166867092804675013; guest_id_ads=v1%3A166867092804675013; guest_id_marketing=v1%3A166867092804675013; personalization_id="v1_UlBo/a+kv1KUMTZ/0f+ynA=="; lang=en', 'Authorization': 'OAuth oauth_nonce="140670954884615226481668670929", oauth_timestamp="1668670929", oauth_version="1.0", oauth_signature_method="HMAC-SHA1", oauth_consumer_key="bpjfkCLCi4l1eerAzReaQ9XUl", oauth_token="1579383058645618688-BZvAvQNpSeUFojvR6Qbja4FUlkeLxy", oauth_signature="uVISabipVXNMMG%2FeazBk1RFcRNs%3D"'}
2022-11-17 09:42:09,222 Updated body: None
2022-11-17 09:42:09,223 Starting new HTTPS connection (1): api.twitter.com:443
2022-11-17 09:42:10,243 https://api.twitter.com:443 "GET /1.1/search/tweets.json?q=SenzoMeyiwatrial&max_id=1593025181546852352&lang=en&wait_on_rate_limit=True&since=2022-11-15&until=2022-11-17&tweet_mode=extended HTTP/1.1" 200 11466
2022-11-17 09:42:10,249 Unexpected parameter: wait_on_rate_limit
2022-11-17 09:42:10,250 Unexpected parameter: since
2022-11-17 09:42:10,250 PARAMS: {'q': 'SenzoMeyiwatrial', 'max_id': '1593023424636780543', 'lang': 'en', 'wait_on_rate_limit': 'True', 'since': '2022-11-15', 'until': '2022-11-17', 'tweet_mode': 'extended'}
2022-11-17 09:42:10,250 Signing request <PreparedRequest [GET]> using client <Client client_key=bpjfkCLCi4l1eerAzReaQ9XUl, client_secret=****, resource_owner_key=1579383058645618688-BZvAvQNpSeUFojvR6Qbja4FUlkeLxy, resource_owner_secret=****, signature_method=HMAC-SHA1, signature_type=AUTH_HEADER, callback_uri=None, rsa_key=None, verifier=None, realm=None, encoding=utf-8, decoding=None, nonce=None, timestamp=None>
2022-11-17 09:42:10,250 Including body in call to sign: False
2022-11-17 09:42:10,250 Collected params: [('q', 'SenzoMeyiwatrial'), ('max_id', '1593023424636780543'), ('lang', 'en'), ('wait_on_rate_limit', 'True'), ('since', '2022-11-15'), ('until', '2022-11-17'), ('tweet_mode', 'extended'), ('oauth_nonce', '79125727472864773371668670930'), ('oauth_timestamp', '1668670930'), ('oauth_version', '1.0'), ('oauth_signature_method', 'HMAC-SHA1'), ('oauth_consumer_key', 'bpjfkCLCi4l1eerAzReaQ9XUl'), ('oauth_token', '1579383058645618688-BZvAvQNpSeUFojvR6Qbja4FUlkeLxy')]
2022-11-17 09:42:10,251 Normalized params: lang=en&max_id=1593023424636780543&oauth_consumer_key=bpjfkCLCi4l1eerAzReaQ9XUl&oauth_nonce=79125727472864773371668670930&oauth_signature_method=HMAC-SHA1&oauth_timestamp=1668670930&oauth_token=1579383058645618688-BZvAvQNpSeUFojvR6Qbja4FUlkeLxy&oauth_version=1.0&q=SenzoMeyiwatrial&since=2022-11-15&tweet_mode=extended&until=2022-11-17&wait_on_rate_limit=True
2022-11-17 09:42:10,251 Normalized URI: https://api.twitter.com/1.1/search/tweets.json
2022-11-17 09:42:10,251 Signing: signature base string: GET&https%3A%2F%2Fapi.twitter.com%2F1.1%2Fsearch%2Ftweets.json&lang%3Den%26max_id%3D1593023424636780543%26oauth_consumer_key%3DbpjfkCLCi4l1eerAzReaQ9XUl%26oauth_nonce%3D79125727472864773371668670930%26oauth_signature_method%3DHMAC-SHA1%26oauth_timestamp%3D1668670930%26oauth_token%3D1579383058645618688-BZvAvQNpSeUFojvR6Qbja4FUlkeLxy%26oauth_version%3D1.0%26q%3DSenzoMeyiwatrial%26since%3D2022-11-15%26tweet_mode%3Dextended%26until%3D2022-11-17%26wait_on_rate_limit%3DTrue
2022-11-17 09:42:10,251 Signature: buGyRyy8O8OQM6Mp8mb8kNzO/Hg=
2022-11-17 09:42:10,251 Updated url: https://api.twitter.com/1.1/search/tweets.json?q=SenzoMeyiwatrial&max_id=1593023424636780543&lang=en&wait_on_rate_limit=True&since=2022-11-15&until=2022-11-17&tweet_mode=extended
2022-11-17 09:42:10,251 Updated headers: {'User-Agent': 'Python/3.10.7 Requests/2.28.1 Tweepy/4.11.0', 'Accept-Encoding': 'gzip, deflate', 'Accept': '*/*', 'Connection': 'keep-alive', 'Cookie': 'guest_id=v1%3A166867092804675013; guest_id_ads=v1%3A166867092804675013; guest_id_marketing=v1%3A166867092804675013; personalization_id="v1_UlBo/a+kv1KUMTZ/0f+ynA=="; lang=en', 'Authorization': 'OAuth oauth_nonce="79125727472864773371668670930", oauth_timestamp="1668670930", oauth_version="1.0", oauth_signature_method="HMAC-SHA1", oauth_consumer_key="bpjfkCLCi4l1eerAzReaQ9XUl", oauth_token="1579383058645618688-BZvAvQNpSeUFojvR6Qbja4FUlkeLxy", oauth_signature="buGyRyy8O8OQM6Mp8mb8kNzO%2FHg%3D"'}
2022-11-17 09:42:10,251 Updated body: None
2022-11-17 09:42:10,252 Starting new HTTPS connection (1): api.twitter.com:443
2022-11-17 09:42:11,077 https://api.twitter.com:443 "GET /1.1/search/tweets.json?q=SenzoMeyiwatrial&max_id=1593023424636780543&lang=en&wait_on_rate_limit=True&since=2022-11-15&until=2022-11-17&tweet_mode=extended HTTP/1.1" 200 11207
2022-11-17 09:42:11,084 Unexpected parameter: wait_on_rate_limit
2022-11-17 09:42:11,085 Unexpected parameter: since
2022-11-17 09:42:11,085 PARAMS: {'q': 'SenzoMeyiwatrial', 'max_id': '1593022361837895679', 'lang': 'en', 'wait_on_rate_limit': 'True', 'since': '2022-11-15', 'until': '2022-11-17', 'tweet_mode': 'extended'}
2022-11-17 09:42:11,085 Signing request <PreparedRequest [GET]> using client <Client client_key=bpjfkCLCi4l1eerAzReaQ9XUl, client_secret=****, resource_owner_key=1579383058645618688-BZvAvQNpSeUFojvR6Qbja4FUlkeLxy, resource_owner_secret=****, signature_method=HMAC-SHA1, signature_type=AUTH_HEADER, callback_uri=None, rsa_key=None, verifier=None, realm=None, encoding=utf-8, decoding=None, nonce=None, timestamp=None>
2022-11-17 09:42:11,086 Including body in call to sign: False
2022-11-17 09:42:11,086 Collected params: [('q', 'SenzoMeyiwatrial'), ('max_id', '1593022361837895679'), ('lang', 'en'), ('wait_on_rate_limit', 'True'), ('since', '2022-11-15'), ('until', '2022-11-17'), ('tweet_mode', 'extended'), ('oauth_nonce', '16971999959900453481668670931'), ('oauth_timestamp', '1668670931'), ('oauth_version', '1.0'), ('oauth_signature_method', 'HMAC-SHA1'), ('oauth_consumer_key', 'bpjfkCLCi4l1eerAzReaQ9XUl'), ('oauth_token', '1579383058645618688-BZvAvQNpSeUFojvR6Qbja4FUlkeLxy')]
2022-11-17 09:42:11,086 Normalized params: lang=en&max_id=1593022361837895679&oauth_consumer_key=bpjfkCLCi4l1eerAzReaQ9XUl&oauth_nonce=16971999959900453481668670931&oauth_signature_method=HMAC-SHA1&oauth_timestamp=1668670931&oauth_token=1579383058645618688-BZvAvQNpSeUFojvR6Qbja4FUlkeLxy&oauth_version=1.0&q=SenzoMeyiwatrial&since=2022-11-15&tweet_mode=extended&until=2022-11-17&wait_on_rate_limit=True
2022-11-17 09:42:11,086 Normalized URI: https://api.twitter.com/1.1/search/tweets.json
2022-11-17 09:42:11,086 Signing: signature base string: GET&https%3A%2F%2Fapi.twitter.com%2F1.1%2Fsearch%2Ftweets.json&lang%3Den%26max_id%3D1593022361837895679%26oauth_consumer_key%3DbpjfkCLCi4l1eerAzReaQ9XUl%26oauth_nonce%3D16971999959900453481668670931%26oauth_signature_method%3DHMAC-SHA1%26oauth_timestamp%3D1668670931%26oauth_token%3D1579383058645618688-BZvAvQNpSeUFojvR6Qbja4FUlkeLxy%26oauth_version%3D1.0%26q%3DSenzoMeyiwatrial%26since%3D2022-11-15%26tweet_mode%3Dextended%26until%3D2022-11-17%26wait_on_rate_limit%3DTrue
2022-11-17 09:42:11,086 Signature: S1P69F7fBWcCmMZH6LNxXAWCVUs=
2022-11-17 09:42:11,087 Updated url: https://api.twitter.com/1.1/search/tweets.json?q=SenzoMeyiwatrial&max_id=1593022361837895679&lang=en&wait_on_rate_limit=True&since=2022-11-15&until=2022-11-17&tweet_mode=extended
2022-11-17 09:42:11,087 Updated headers: {'User-Agent': 'Python/3.10.7 Requests/2.28.1 Tweepy/4.11.0', 'Accept-Encoding': 'gzip, deflate', 'Accept': '*/*', 'Connection': 'keep-alive', 'Cookie': 'guest_id=v1%3A166867092804675013; guest_id_ads=v1%3A166867092804675013; guest_id_marketing=v1%3A166867092804675013; personalization_id="v1_UlBo/a+kv1KUMTZ/0f+ynA=="; lang=en', 'Authorization': 'OAuth oauth_nonce="16971999959900453481668670931", oauth_timestamp="1668670931", oauth_version="1.0", oauth_signature_method="HMAC-SHA1", oauth_consumer_key="bpjfkCLCi4l1eerAzReaQ9XUl", oauth_token="1579383058645618688-BZvAvQNpSeUFojvR6Qbja4FUlkeLxy", oauth_signature="S1P69F7fBWcCmMZH6LNxXAWCVUs%3D"'}
2022-11-17 09:42:11,087 Updated body: None
2022-11-17 09:42:11,088 Starting new HTTPS connection (1): api.twitter.com:443
2022-11-17 09:42:11,916 https://api.twitter.com:443 "GET /1.1/search/tweets.json?q=SenzoMeyiwatrial&max_id=1593022361837895679&lang=en&wait_on_rate_limit=True&since=2022-11-15&until=2022-11-17&tweet_mode=extended HTTP/1.1" 200 11195
2022-11-17 09:42:11,921 Unexpected parameter: wait_on_rate_limit
2022-11-17 09:42:11,921 Unexpected parameter: since
2022-11-17 09:42:11,921 PARAMS: {'q': 'SenzoMeyiwatrial', 'max_id': '1593020426309238783', 'lang': 'en', 'wait_on_rate_limit': 'True', 'since': '2022-11-15', 'until': '2022-11-17', 'tweet_mode': 'extended'}
2022-11-17 09:42:11,921 Signing request <PreparedRequest [GET]> using client <Client client_key=bpjfkCLCi4l1eerAzReaQ9XUl, client_secret=****, resource_owner_key=1579383058645618688-BZvAvQNpSeUFojvR6Qbja4FUlkeLxy, resource_owner_secret=****, signature_method=HMAC-SHA1, signature_type=AUTH_HEADER, callback_uri=None, rsa_key=None, verifier=None, realm=None, encoding=utf-8, decoding=None, nonce=None, timestamp=None>
2022-11-17 09:42:11,921 Including body in call to sign: False
2022-11-17 09:42:11,922 Collected params: [('q', 'SenzoMeyiwatrial'), ('max_id', '1593020426309238783'), ('lang', 'en'), ('wait_on_rate_limit', 'True'), ('since', '2022-11-15'), ('until', '2022-11-17'), ('tweet_mode', 'extended'), ('oauth_nonce', '39017362939995939291668670931'), ('oauth_timestamp', '1668670931'), ('oauth_version', '1.0'), ('oauth_signature_method', 'HMAC-SHA1'), ('oauth_consumer_key', 'bpjfkCLCi4l1eerAzReaQ9XUl'), ('oauth_token', '1579383058645618688-BZvAvQNpSeUFojvR6Qbja4FUlkeLxy')]
2022-11-17 09:42:11,922 Normalized params: lang=en&max_id=1593020426309238783&oauth_consumer_key=bpjfkCLCi4l1eerAzReaQ9XUl&oauth_nonce=39017362939995939291668670931&oauth_signature_method=HMAC-SHA1&oauth_timestamp=1668670931&oauth_token=1579383058645618688-BZvAvQNpSeUFojvR6Qbja4FUlkeLxy&oauth_version=1.0&q=SenzoMeyiwatrial&since=2022-11-15&tweet_mode=extended&until=2022-11-17&wait_on_rate_limit=True
2022-11-17 09:42:11,922 Normalized URI: https://api.twitter.com/1.1/search/tweets.json
2022-11-17 09:42:11,922 Signing: signature base string: GET&https%3A%2F%2Fapi.twitter.com%2F1.1%2Fsearch%2Ftweets.json&lang%3Den%26max_id%3D1593020426309238783%26oauth_consumer_key%3DbpjfkCLCi4l1eerAzReaQ9XUl%26oauth_nonce%3D39017362939995939291668670931%26oauth_signature_method%3DHMAC-SHA1%26oauth_timestamp%3D1668670931%26oauth_token%3D1579383058645618688-BZvAvQNpSeUFojvR6Qbja4FUlkeLxy%26oauth_version%3D1.0%26q%3DSenzoMeyiwatrial%26since%3D2022-11-15%26tweet_mode%3Dextended%26until%3D2022-11-17%26wait_on_rate_limit%3DTrue
2022-11-17 09:42:11,922 Signature: nlYMaCbiIuycsQq/9ULJhZ9Jqj0=
2022-11-17 09:42:11,922 Updated url: https://api.twitter.com/1.1/search/tweets.json?q=SenzoMeyiwatrial&max_id=1593020426309238783&lang=en&wait_on_rate_limit=True&since=2022-11-15&until=2022-11-17&tweet_mode=extended
2022-11-17 09:42:11,922 Updated headers: {'User-Agent': 'Python/3.10.7 Requests/2.28.1 Tweepy/4.11.0', 'Accept-Encoding': 'gzip, deflate', 'Accept': '*/*', 'Connection': 'keep-alive', 'Cookie': 'guest_id=v1%3A166867092804675013; guest_id_ads=v1%3A166867092804675013; guest_id_marketing=v1%3A166867092804675013; personalization_id="v1_UlBo/a+kv1KUMTZ/0f+ynA=="; lang=en', 'Authorization': 'OAuth oauth_nonce="39017362939995939291668670931", oauth_timestamp="1668670931", oauth_version="1.0", oauth_signature_method="HMAC-SHA1", oauth_consumer_key="bpjfkCLCi4l1eerAzReaQ9XUl", oauth_token="1579383058645618688-BZvAvQNpSeUFojvR6Qbja4FUlkeLxy", oauth_signature="nlYMaCbiIuycsQq%2F9ULJhZ9Jqj0%3D"'}
2022-11-17 09:42:11,922 Updated body: None
2022-11-17 09:42:11,923 Starting new HTTPS connection (1): api.twitter.com:443
2022-11-17 09:42:12,772 https://api.twitter.com:443 "GET /1.1/search/tweets.json?q=SenzoMeyiwatrial&max_id=1593020426309238783&lang=en&wait_on_rate_limit=True&since=2022-11-15&until=2022-11-17&tweet_mode=extended HTTP/1.1" 200 11456
2022-11-17 09:42:12,776 Unexpected parameter: wait_on_rate_limit
2022-11-17 09:42:12,776 Unexpected parameter: since
2022-11-17 09:42:12,777 PARAMS: {'q': 'SenzoMeyiwatrial', 'max_id': '1593017301565345792', 'lang': 'en', 'wait_on_rate_limit': 'True', 'since': '2022-11-15', 'until': '2022-11-17', 'tweet_mode': 'extended'}
2022-11-17 09:42:12,777 Signing request <PreparedRequest [GET]> using client <Client client_key=bpjfkCLCi4l1eerAzReaQ9XUl, client_secret=****, resource_owner_key=1579383058645618688-BZvAvQNpSeUFojvR6Qbja4FUlkeLxy, resource_owner_secret=****, signature_method=HMAC-SHA1, signature_type=AUTH_HEADER, callback_uri=None, rsa_key=None, verifier=None, realm=None, encoding=utf-8, decoding=None, nonce=None, timestamp=None>
2022-11-17 09:42:12,777 Including body in call to sign: False
2022-11-17 09:42:12,777 Collected params: [('q', 'SenzoMeyiwatrial'), ('max_id', '1593017301565345792'), ('lang', 'en'), ('wait_on_rate_limit', 'True'), ('since', '2022-11-15'), ('until', '2022-11-17'), ('tweet_mode', 'extended'), ('oauth_nonce', '99790768660142552151668670932'), ('oauth_timestamp', '1668670932'), ('oauth_version', '1.0'), ('oauth_signature_method', 'HMAC-SHA1'), ('oauth_consumer_key', 'bpjfkCLCi4l1eerAzReaQ9XUl'), ('oauth_token', '1579383058645618688-BZvAvQNpSeUFojvR6Qbja4FUlkeLxy')]
2022-11-17 09:42:12,777 Normalized params: lang=en&max_id=1593017301565345792&oauth_consumer_key=bpjfkCLCi4l1eerAzReaQ9XUl&oauth_nonce=99790768660142552151668670932&oauth_signature_method=HMAC-SHA1&oauth_timestamp=1668670932&oauth_token=1579383058645618688-BZvAvQNpSeUFojvR6Qbja4FUlkeLxy&oauth_version=1.0&q=SenzoMeyiwatrial&since=2022-11-15&tweet_mode=extended&until=2022-11-17&wait_on_rate_limit=True
2022-11-17 09:42:12,777 Normalized URI: https://api.twitter.com/1.1/search/tweets.json
2022-11-17 09:42:12,777 Signing: signature base string: GET&https%3A%2F%2Fapi.twitter.com%2F1.1%2Fsearch%2Ftweets.json&lang%3Den%26max_id%3D1593017301565345792%26oauth_consumer_key%3DbpjfkCLCi4l1eerAzReaQ9XUl%26oauth_nonce%3D99790768660142552151668670932%26oauth_signature_method%3DHMAC-SHA1%26oauth_timestamp%3D1668670932%26oauth_token%3D1579383058645618688-BZvAvQNpSeUFojvR6Qbja4FUlkeLxy%26oauth_version%3D1.0%26q%3DSenzoMeyiwatrial%26since%3D2022-11-15%26tweet_mode%3Dextended%26until%3D2022-11-17%26wait_on_rate_limit%3DTrue
2022-11-17 09:42:12,778 Signature: apl5plq9lv+1Fqoq5UgXpK9qMuM=
2022-11-17 09:42:12,778 Updated url: https://api.twitter.com/1.1/search/tweets.json?q=SenzoMeyiwatrial&max_id=1593017301565345792&lang=en&wait_on_rate_limit=True&since=2022-11-15&until=2022-11-17&tweet_mode=extended
2022-11-17 09:42:12,778 Updated headers: {'User-Agent': 'Python/3.10.7 Requests/2.28.1 Tweepy/4.11.0', 'Accept-Encoding': 'gzip, deflate', 'Accept': '*/*', 'Connection': 'keep-alive', 'Cookie': 'guest_id=v1%3A166867092804675013; guest_id_ads=v1%3A166867092804675013; guest_id_marketing=v1%3A166867092804675013; personalization_id="v1_UlBo/a+kv1KUMTZ/0f+ynA=="; lang=en', 'Authorization': 'OAuth oauth_nonce="99790768660142552151668670932", oauth_timestamp="1668670932", oauth_version="1.0", oauth_signature_method="HMAC-SHA1", oauth_consumer_key="bpjfkCLCi4l1eerAzReaQ9XUl", oauth_token="1579383058645618688-BZvAvQNpSeUFojvR6Qbja4FUlkeLxy", oauth_signature="apl5plq9lv%2B1Fqoq5UgXpK9qMuM%3D"'}
2022-11-17 09:42:12,778 Updated body: None
2022-11-17 09:42:12,779 Starting new HTTPS connection (1): api.twitter.com:443
2022-11-17 09:42:13,819 https://api.twitter.com:443 "GET /1.1/search/tweets.json?q=SenzoMeyiwatrial&max_id=1593017301565345792&lang=en&wait_on_rate_limit=True&since=2022-11-15&until=2022-11-17&tweet_mode=extended HTTP/1.1" 200 13540
2022-11-17 09:42:13,825 Unexpected parameter: wait_on_rate_limit
2022-11-17 09:42:13,825 Unexpected parameter: since
2022-11-17 09:42:13,825 PARAMS: {'q': 'SenzoMeyiwatrial', 'max_id': '1593013556483874815', 'lang': 'en', 'wait_on_rate_limit': 'True', 'since': '2022-11-15', 'until': '2022-11-17', 'tweet_mode': 'extended'}
2022-11-17 09:42:13,825 Signing request <PreparedRequest [GET]> using client <Client client_key=bpjfkCLCi4l1eerAzReaQ9XUl, client_secret=****, resource_owner_key=1579383058645618688-BZvAvQNpSeUFojvR6Qbja4FUlkeLxy, resource_owner_secret=****, signature_method=HMAC-SHA1, signature_type=AUTH_HEADER, callback_uri=None, rsa_key=None, verifier=None, realm=None, encoding=utf-8, decoding=None, nonce=None, timestamp=None>
2022-11-17 09:42:13,825 Including body in call to sign: False
2022-11-17 09:42:13,825 Collected params: [('q', 'SenzoMeyiwatrial'), ('max_id', '1593013556483874815'), ('lang', 'en'), ('wait_on_rate_limit', 'True'), ('since', '2022-11-15'), ('until', '2022-11-17'), ('tweet_mode', 'extended'), ('oauth_nonce', '5660323904379112011668670933'), ('oauth_timestamp', '1668670933'), ('oauth_version', '1.0'), ('oauth_signature_method', 'HMAC-SHA1'), ('oauth_consumer_key', 'bpjfkCLCi4l1eerAzReaQ9XUl'), ('oauth_token', '1579383058645618688-BZvAvQNpSeUFojvR6Qbja4FUlkeLxy')]
2022-11-17 09:42:13,826 Normalized params: lang=en&max_id=1593013556483874815&oauth_consumer_key=bpjfkCLCi4l1eerAzReaQ9XUl&oauth_nonce=5660323904379112011668670933&oauth_signature_method=HMAC-SHA1&oauth_timestamp=1668670933&oauth_token=1579383058645618688-BZvAvQNpSeUFojvR6Qbja4FUlkeLxy&oauth_version=1.0&q=SenzoMeyiwatrial&since=2022-11-15&tweet_mode=extended&until=2022-11-17&wait_on_rate_limit=True
2022-11-17 09:42:13,826 Normalized URI: https://api.twitter.com/1.1/search/tweets.json
2022-11-17 09:42:13,827 Signing: signature base string: GET&https%3A%2F%2Fapi.twitter.com%2F1.1%2Fsearch%2Ftweets.json&lang%3Den%26max_id%3D1593013556483874815%26oauth_consumer_key%3DbpjfkCLCi4l1eerAzReaQ9XUl%26oauth_nonce%3D5660323904379112011668670933%26oauth_signature_method%3DHMAC-SHA1%26oauth_timestamp%3D1668670933%26oauth_token%3D1579383058645618688-BZvAvQNpSeUFojvR6Qbja4FUlkeLxy%26oauth_version%3D1.0%26q%3DSenzoMeyiwatrial%26since%3D2022-11-15%26tweet_mode%3Dextended%26until%3D2022-11-17%26wait_on_rate_limit%3DTrue
2022-11-17 09:42:13,827 Signature: MH3Wuo+dMgGAsGx9S2xf9D/WaHY=
2022-11-17 09:42:13,827 Updated url: https://api.twitter.com/1.1/search/tweets.json?q=SenzoMeyiwatrial&max_id=1593013556483874815&lang=en&wait_on_rate_limit=True&since=2022-11-15&until=2022-11-17&tweet_mode=extended
2022-11-17 09:42:13,827 Updated headers: {'User-Agent': 'Python/3.10.7 Requests/2.28.1 Tweepy/4.11.0', 'Accept-Encoding': 'gzip, deflate', 'Accept': '*/*', 'Connection': 'keep-alive', 'Cookie': 'guest_id=v1%3A166867092804675013; guest_id_ads=v1%3A166867092804675013; guest_id_marketing=v1%3A166867092804675013; personalization_id="v1_UlBo/a+kv1KUMTZ/0f+ynA=="; lang=en', 'Authorization': 'OAuth oauth_nonce="5660323904379112011668670933", oauth_timestamp="1668670933", oauth_version="1.0", oauth_signature_method="HMAC-SHA1", oauth_consumer_key="bpjfkCLCi4l1eerAzReaQ9XUl", oauth_token="1579383058645618688-BZvAvQNpSeUFojvR6Qbja4FUlkeLxy", oauth_signature="MH3Wuo%2BdMgGAsGx9S2xf9D%2FWaHY%3D"'}
2022-11-17 09:42:13,827 Updated body: None
2022-11-17 09:42:13,828 Starting new HTTPS connection (1): api.twitter.com:443
2022-11-17 09:42:14,692 https://api.twitter.com:443 "GET /1.1/search/tweets.json?q=SenzoMeyiwatrial&max_id=1593013556483874815&lang=en&wait_on_rate_limit=True&since=2022-11-15&until=2022-11-17&tweet_mode=extended HTTP/1.1" 200 11879
2022-11-17 09:42:14,704 AttributeError - 'Status' object has no attribute 'retweeted_status'
2022-11-17 09:42:14,725 AttributeError - 'Status' object has no attribute 'retweeted_status'
2022-11-17 09:42:14,746 AttributeError - 'Status' object has no attribute 'retweeted_status'
2022-11-17 09:42:14,755 AttributeError - 'Status' object has no attribute 'retweeted_status'
2022-11-17 09:42:14,804 AttributeError - 'Status' object has no attribute 'retweeted_status'
2022-11-17 09:42:14,931 AttributeError - 'Status' object has no attribute 'retweeted_status'
2022-11-17 09:42:14,964 AttributeError - 'Status' object has no attribute 'retweeted_status'
2022-11-17 09:42:14,988 AttributeError - 'Status' object has no attribute 'retweeted_status'
2022-11-17 09:42:14,999 AttributeError - 'Status' object has no attribute 'retweeted_status'
2022-11-17 09:42:15,002 AttributeError - 'Status' object has no attribute 'retweeted_status'
2022-11-17 09:43:26,338 Authentication successful
2022-11-17 09:43:26,338 Unexpected parameter: wait_on_rate_limit
2022-11-17 09:43:26,338 Unexpected parameter: since
2022-11-17 09:43:26,338 PARAMS: {'q': 'SenzoMeyiwatrial', 'lang': 'en', 'wait_on_rate_limit': 'True', 'since': '2022-11-15', 'until': '2022-11-17', 'tweet_mode': 'extended'}
2022-11-17 09:43:26,339 Signing request <PreparedRequest [GET]> using client <Client client_key=bpjfkCLCi4l1eerAzReaQ9XUl, client_secret=****, resource_owner_key=1579383058645618688-BZvAvQNpSeUFojvR6Qbja4FUlkeLxy, resource_owner_secret=****, signature_method=HMAC-SHA1, signature_type=AUTH_HEADER, callback_uri=None, rsa_key=None, verifier=None, realm=None, encoding=utf-8, decoding=None, nonce=None, timestamp=None>
2022-11-17 09:43:26,339 Including body in call to sign: False
2022-11-17 09:43:26,339 Collected params: [('q', 'SenzoMeyiwatrial'), ('lang', 'en'), ('wait_on_rate_limit', 'True'), ('since', '2022-11-15'), ('until', '2022-11-17'), ('tweet_mode', 'extended'), ('oauth_nonce', '161956651863364430771668671006'), ('oauth_timestamp', '1668671006'), ('oauth_version', '1.0'), ('oauth_signature_method', 'HMAC-SHA1'), ('oauth_consumer_key', 'bpjfkCLCi4l1eerAzReaQ9XUl'), ('oauth_token', '1579383058645618688-BZvAvQNpSeUFojvR6Qbja4FUlkeLxy')]
2022-11-17 09:43:26,339 Normalized params: lang=en&oauth_consumer_key=bpjfkCLCi4l1eerAzReaQ9XUl&oauth_nonce=161956651863364430771668671006&oauth_signature_method=HMAC-SHA1&oauth_timestamp=1668671006&oauth_token=1579383058645618688-BZvAvQNpSeUFojvR6Qbja4FUlkeLxy&oauth_version=1.0&q=SenzoMeyiwatrial&since=2022-11-15&tweet_mode=extended&until=2022-11-17&wait_on_rate_limit=True
2022-11-17 09:43:26,339 Normalized URI: https://api.twitter.com/1.1/search/tweets.json
2022-11-17 09:43:26,339 Signing: signature base string: GET&https%3A%2F%2Fapi.twitter.com%2F1.1%2Fsearch%2Ftweets.json&lang%3Den%26oauth_consumer_key%3DbpjfkCLCi4l1eerAzReaQ9XUl%26oauth_nonce%3D161956651863364430771668671006%26oauth_signature_method%3DHMAC-SHA1%26oauth_timestamp%3D1668671006%26oauth_token%3D1579383058645618688-BZvAvQNpSeUFojvR6Qbja4FUlkeLxy%26oauth_version%3D1.0%26q%3DSenzoMeyiwatrial%26since%3D2022-11-15%26tweet_mode%3Dextended%26until%3D2022-11-17%26wait_on_rate_limit%3DTrue
2022-11-17 09:43:26,339 Signature: U1DqJNrqMXoPiebCMWt9zFddA94=
2022-11-17 09:43:26,339 Updated url: https://api.twitter.com/1.1/search/tweets.json?q=SenzoMeyiwatrial&lang=en&wait_on_rate_limit=True&since=2022-11-15&until=2022-11-17&tweet_mode=extended
2022-11-17 09:43:26,339 Updated headers: {'User-Agent': 'Python/3.10.7 Requests/2.28.1 Tweepy/4.11.0', 'Accept-Encoding': 'gzip, deflate', 'Accept': '*/*', 'Connection': 'keep-alive', 'Authorization': 'OAuth oauth_nonce="161956651863364430771668671006", oauth_timestamp="1668671006", oauth_version="1.0", oauth_signature_method="HMAC-SHA1", oauth_consumer_key="bpjfkCLCi4l1eerAzReaQ9XUl", oauth_token="1579383058645618688-BZvAvQNpSeUFojvR6Qbja4FUlkeLxy", oauth_signature="U1DqJNrqMXoPiebCMWt9zFddA94%3D"'}
2022-11-17 09:43:26,340 Updated body: None
2022-11-17 09:43:26,340 Starting new HTTPS connection (1): api.twitter.com:443
2022-11-17 09:43:27,417 https://api.twitter.com:443 "GET /1.1/search/tweets.json?q=SenzoMeyiwatrial&lang=en&wait_on_rate_limit=True&since=2022-11-15&until=2022-11-17&tweet_mode=extended HTTP/1.1" 200 13070
2022-11-17 09:43:27,424 Unexpected parameter: wait_on_rate_limit
2022-11-17 09:43:27,424 Unexpected parameter: since
2022-11-17 09:43:27,424 PARAMS: {'q': 'SenzoMeyiwatrial', 'max_id': '1593025181546852352', 'lang': 'en', 'wait_on_rate_limit': 'True', 'since': '2022-11-15', 'until': '2022-11-17', 'tweet_mode': 'extended'}
2022-11-17 09:43:27,424 Signing request <PreparedRequest [GET]> using client <Client client_key=bpjfkCLCi4l1eerAzReaQ9XUl, client_secret=****, resource_owner_key=1579383058645618688-BZvAvQNpSeUFojvR6Qbja4FUlkeLxy, resource_owner_secret=****, signature_method=HMAC-SHA1, signature_type=AUTH_HEADER, callback_uri=None, rsa_key=None, verifier=None, realm=None, encoding=utf-8, decoding=None, nonce=None, timestamp=None>
2022-11-17 09:43:27,424 Including body in call to sign: False
2022-11-17 09:43:27,424 Collected params: [('q', 'SenzoMeyiwatrial'), ('max_id', '1593025181546852352'), ('lang', 'en'), ('wait_on_rate_limit', 'True'), ('since', '2022-11-15'), ('until', '2022-11-17'), ('tweet_mode', 'extended'), ('oauth_nonce', '101161999006610889361668671007'), ('oauth_timestamp', '1668671007'), ('oauth_version', '1.0'), ('oauth_signature_method', 'HMAC-SHA1'), ('oauth_consumer_key', 'bpjfkCLCi4l1eerAzReaQ9XUl'), ('oauth_token', '1579383058645618688-BZvAvQNpSeUFojvR6Qbja4FUlkeLxy')]
2022-11-17 09:43:27,424 Normalized params: lang=en&max_id=1593025181546852352&oauth_consumer_key=bpjfkCLCi4l1eerAzReaQ9XUl&oauth_nonce=101161999006610889361668671007&oauth_signature_method=HMAC-SHA1&oauth_timestamp=1668671007&oauth_token=1579383058645618688-BZvAvQNpSeUFojvR6Qbja4FUlkeLxy&oauth_version=1.0&q=SenzoMeyiwatrial&since=2022-11-15&tweet_mode=extended&until=2022-11-17&wait_on_rate_limit=True
2022-11-17 09:43:27,424 Normalized URI: https://api.twitter.com/1.1/search/tweets.json
2022-11-17 09:43:27,425 Signing: signature base string: GET&https%3A%2F%2Fapi.twitter.com%2F1.1%2Fsearch%2Ftweets.json&lang%3Den%26max_id%3D1593025181546852352%26oauth_consumer_key%3DbpjfkCLCi4l1eerAzReaQ9XUl%26oauth_nonce%3D101161999006610889361668671007%26oauth_signature_method%3DHMAC-SHA1%26oauth_timestamp%3D1668671007%26oauth_token%3D1579383058645618688-BZvAvQNpSeUFojvR6Qbja4FUlkeLxy%26oauth_version%3D1.0%26q%3DSenzoMeyiwatrial%26since%3D2022-11-15%26tweet_mode%3Dextended%26until%3D2022-11-17%26wait_on_rate_limit%3DTrue
2022-11-17 09:43:27,425 Signature: yNvBX3RHI1FS8Stc3da71x0bOtY=
2022-11-17 09:43:27,425 Updated url: https://api.twitter.com/1.1/search/tweets.json?q=SenzoMeyiwatrial&max_id=1593025181546852352&lang=en&wait_on_rate_limit=True&since=2022-11-15&until=2022-11-17&tweet_mode=extended
2022-11-17 09:43:27,425 Updated headers: {'User-Agent': 'Python/3.10.7 Requests/2.28.1 Tweepy/4.11.0', 'Accept-Encoding': 'gzip, deflate', 'Accept': '*/*', 'Connection': 'keep-alive', 'Cookie': 'guest_id=v1%3A166867100622410366; guest_id_ads=v1%3A166867100622410366; guest_id_marketing=v1%3A166867100622410366; personalization_id="v1_ibUZ/KSbdmV63I3k1LgYbw=="; lang=en', 'Authorization': 'OAuth oauth_nonce="101161999006610889361668671007", oauth_timestamp="1668671007", oauth_version="1.0", oauth_signature_method="HMAC-SHA1", oauth_consumer_key="bpjfkCLCi4l1eerAzReaQ9XUl", oauth_token="1579383058645618688-BZvAvQNpSeUFojvR6Qbja4FUlkeLxy", oauth_signature="yNvBX3RHI1FS8Stc3da71x0bOtY%3D"'}
2022-11-17 09:43:27,425 Updated body: None
2022-11-17 09:43:27,425 Starting new HTTPS connection (1): api.twitter.com:443
2022-11-17 09:43:28,273 https://api.twitter.com:443 "GET /1.1/search/tweets.json?q=SenzoMeyiwatrial&max_id=1593025181546852352&lang=en&wait_on_rate_limit=True&since=2022-11-15&until=2022-11-17&tweet_mode=extended HTTP/1.1" 200 11459
2022-11-17 09:43:28,281 Unexpected parameter: wait_on_rate_limit
2022-11-17 09:43:28,281 Unexpected parameter: since
2022-11-17 09:43:28,281 PARAMS: {'q': 'SenzoMeyiwatrial', 'max_id': '1593023424636780543', 'lang': 'en', 'wait_on_rate_limit': 'True', 'since': '2022-11-15', 'until': '2022-11-17', 'tweet_mode': 'extended'}
2022-11-17 09:43:28,282 Signing request <PreparedRequest [GET]> using client <Client client_key=bpjfkCLCi4l1eerAzReaQ9XUl, client_secret=****, resource_owner_key=1579383058645618688-BZvAvQNpSeUFojvR6Qbja4FUlkeLxy, resource_owner_secret=****, signature_method=HMAC-SHA1, signature_type=AUTH_HEADER, callback_uri=None, rsa_key=None, verifier=None, realm=None, encoding=utf-8, decoding=None, nonce=None, timestamp=None>
2022-11-17 09:43:28,282 Including body in call to sign: False
2022-11-17 09:43:28,282 Collected params: [('q', 'SenzoMeyiwatrial'), ('max_id', '1593023424636780543'), ('lang', 'en'), ('wait_on_rate_limit', 'True'), ('since', '2022-11-15'), ('until', '2022-11-17'), ('tweet_mode', 'extended'), ('oauth_nonce', '136451076650304553241668671008'), ('oauth_timestamp', '1668671008'), ('oauth_version', '1.0'), ('oauth_signature_method', 'HMAC-SHA1'), ('oauth_consumer_key', 'bpjfkCLCi4l1eerAzReaQ9XUl'), ('oauth_token', '1579383058645618688-BZvAvQNpSeUFojvR6Qbja4FUlkeLxy')]
2022-11-17 09:43:28,282 Normalized params: lang=en&max_id=1593023424636780543&oauth_consumer_key=bpjfkCLCi4l1eerAzReaQ9XUl&oauth_nonce=136451076650304553241668671008&oauth_signature_method=HMAC-SHA1&oauth_timestamp=1668671008&oauth_token=1579383058645618688-BZvAvQNpSeUFojvR6Qbja4FUlkeLxy&oauth_version=1.0&q=SenzoMeyiwatrial&since=2022-11-15&tweet_mode=extended&until=2022-11-17&wait_on_rate_limit=True
2022-11-17 09:43:28,282 Normalized URI: https://api.twitter.com/1.1/search/tweets.json
2022-11-17 09:43:28,282 Signing: signature base string: GET&https%3A%2F%2Fapi.twitter.com%2F1.1%2Fsearch%2Ftweets.json&lang%3Den%26max_id%3D1593023424636780543%26oauth_consumer_key%3DbpjfkCLCi4l1eerAzReaQ9XUl%26oauth_nonce%3D136451076650304553241668671008%26oauth_signature_method%3DHMAC-SHA1%26oauth_timestamp%3D1668671008%26oauth_token%3D1579383058645618688-BZvAvQNpSeUFojvR6Qbja4FUlkeLxy%26oauth_version%3D1.0%26q%3DSenzoMeyiwatrial%26since%3D2022-11-15%26tweet_mode%3Dextended%26until%3D2022-11-17%26wait_on_rate_limit%3DTrue
2022-11-17 09:43:28,282 Signature: fClkyXjiNeREsh9zN8IxU268SQ0=
2022-11-17 09:43:28,282 Updated url: https://api.twitter.com/1.1/search/tweets.json?q=SenzoMeyiwatrial&max_id=1593023424636780543&lang=en&wait_on_rate_limit=True&since=2022-11-15&until=2022-11-17&tweet_mode=extended
2022-11-17 09:43:28,282 Updated headers: {'User-Agent': 'Python/3.10.7 Requests/2.28.1 Tweepy/4.11.0', 'Accept-Encoding': 'gzip, deflate', 'Accept': '*/*', 'Connection': 'keep-alive', 'Cookie': 'guest_id=v1%3A166867100622410366; guest_id_ads=v1%3A166867100622410366; guest_id_marketing=v1%3A166867100622410366; personalization_id="v1_ibUZ/KSbdmV63I3k1LgYbw=="; lang=en', 'Authorization': 'OAuth oauth_nonce="136451076650304553241668671008", oauth_timestamp="1668671008", oauth_version="1.0", oauth_signature_method="HMAC-SHA1", oauth_consumer_key="bpjfkCLCi4l1eerAzReaQ9XUl", oauth_token="1579383058645618688-BZvAvQNpSeUFojvR6Qbja4FUlkeLxy", oauth_signature="fClkyXjiNeREsh9zN8IxU268SQ0%3D"'}
2022-11-17 09:43:28,282 Updated body: None
2022-11-17 09:43:28,283 Starting new HTTPS connection (1): api.twitter.com:443
2022-11-17 09:43:29,144 https://api.twitter.com:443 "GET /1.1/search/tweets.json?q=SenzoMeyiwatrial&max_id=1593023424636780543&lang=en&wait_on_rate_limit=True&since=2022-11-15&until=2022-11-17&tweet_mode=extended HTTP/1.1" 200 11206
2022-11-17 09:43:29,151 Unexpected parameter: wait_on_rate_limit
2022-11-17 09:43:29,151 Unexpected parameter: since
2022-11-17 09:43:29,151 PARAMS: {'q': 'SenzoMeyiwatrial', 'max_id': '1593022361837895679', 'lang': 'en', 'wait_on_rate_limit': 'True', 'since': '2022-11-15', 'until': '2022-11-17', 'tweet_mode': 'extended'}
2022-11-17 09:43:29,151 Signing request <PreparedRequest [GET]> using client <Client client_key=bpjfkCLCi4l1eerAzReaQ9XUl, client_secret=****, resource_owner_key=1579383058645618688-BZvAvQNpSeUFojvR6Qbja4FUlkeLxy, resource_owner_secret=****, signature_method=HMAC-SHA1, signature_type=AUTH_HEADER, callback_uri=None, rsa_key=None, verifier=None, realm=None, encoding=utf-8, decoding=None, nonce=None, timestamp=None>
2022-11-17 09:43:29,151 Including body in call to sign: False
2022-11-17 09:43:29,151 Collected params: [('q', 'SenzoMeyiwatrial'), ('max_id', '1593022361837895679'), ('lang', 'en'), ('wait_on_rate_limit', 'True'), ('since', '2022-11-15'), ('until', '2022-11-17'), ('tweet_mode', 'extended'), ('oauth_nonce', '156455441523894933221668671009'), ('oauth_timestamp', '1668671009'), ('oauth_version', '1.0'), ('oauth_signature_method', 'HMAC-SHA1'), ('oauth_consumer_key', 'bpjfkCLCi4l1eerAzReaQ9XUl'), ('oauth_token', '1579383058645618688-BZvAvQNpSeUFojvR6Qbja4FUlkeLxy')]
2022-11-17 09:43:29,151 Normalized params: lang=en&max_id=1593022361837895679&oauth_consumer_key=bpjfkCLCi4l1eerAzReaQ9XUl&oauth_nonce=156455441523894933221668671009&oauth_signature_method=HMAC-SHA1&oauth_timestamp=1668671009&oauth_token=1579383058645618688-BZvAvQNpSeUFojvR6Qbja4FUlkeLxy&oauth_version=1.0&q=SenzoMeyiwatrial&since=2022-11-15&tweet_mode=extended&until=2022-11-17&wait_on_rate_limit=True
2022-11-17 09:43:29,152 Normalized URI: https://api.twitter.com/1.1/search/tweets.json
2022-11-17 09:43:29,152 Signing: signature base string: GET&https%3A%2F%2Fapi.twitter.com%2F1.1%2Fsearch%2Ftweets.json&lang%3Den%26max_id%3D1593022361837895679%26oauth_consumer_key%3DbpjfkCLCi4l1eerAzReaQ9XUl%26oauth_nonce%3D156455441523894933221668671009%26oauth_signature_method%3DHMAC-SHA1%26oauth_timestamp%3D1668671009%26oauth_token%3D1579383058645618688-BZvAvQNpSeUFojvR6Qbja4FUlkeLxy%26oauth_version%3D1.0%26q%3DSenzoMeyiwatrial%26since%3D2022-11-15%26tweet_mode%3Dextended%26until%3D2022-11-17%26wait_on_rate_limit%3DTrue
2022-11-17 09:43:29,152 Signature: pSwQiu68+6aWm8ewTmpsyvOT8as=
2022-11-17 09:43:29,152 Updated url: https://api.twitter.com/1.1/search/tweets.json?q=SenzoMeyiwatrial&max_id=1593022361837895679&lang=en&wait_on_rate_limit=True&since=2022-11-15&until=2022-11-17&tweet_mode=extended
2022-11-17 09:43:29,152 Updated headers: {'User-Agent': 'Python/3.10.7 Requests/2.28.1 Tweepy/4.11.0', 'Accept-Encoding': 'gzip, deflate', 'Accept': '*/*', 'Connection': 'keep-alive', 'Cookie': 'guest_id=v1%3A166867100622410366; guest_id_ads=v1%3A166867100622410366; guest_id_marketing=v1%3A166867100622410366; personalization_id="v1_ibUZ/KSbdmV63I3k1LgYbw=="; lang=en', 'Authorization': 'OAuth oauth_nonce="156455441523894933221668671009", oauth_timestamp="1668671009", oauth_version="1.0", oauth_signature_method="HMAC-SHA1", oauth_consumer_key="bpjfkCLCi4l1eerAzReaQ9XUl", oauth_token="1579383058645618688-BZvAvQNpSeUFojvR6Qbja4FUlkeLxy", oauth_signature="pSwQiu68%2B6aWm8ewTmpsyvOT8as%3D"'}
2022-11-17 09:43:29,152 Updated body: None
2022-11-17 09:43:29,152 Starting new HTTPS connection (1): api.twitter.com:443
2022-11-17 09:43:29,957 https://api.twitter.com:443 "GET /1.1/search/tweets.json?q=SenzoMeyiwatrial&max_id=1593022361837895679&lang=en&wait_on_rate_limit=True&since=2022-11-15&until=2022-11-17&tweet_mode=extended HTTP/1.1" 200 11194
2022-11-17 09:43:29,964 Unexpected parameter: wait_on_rate_limit
2022-11-17 09:43:29,964 Unexpected parameter: since
2022-11-17 09:43:29,964 PARAMS: {'q': 'SenzoMeyiwatrial', 'max_id': '1593020426309238783', 'lang': 'en', 'wait_on_rate_limit': 'True', 'since': '2022-11-15', 'until': '2022-11-17', 'tweet_mode': 'extended'}
2022-11-17 09:43:29,965 Signing request <PreparedRequest [GET]> using client <Client client_key=bpjfkCLCi4l1eerAzReaQ9XUl, client_secret=****, resource_owner_key=1579383058645618688-BZvAvQNpSeUFojvR6Qbja4FUlkeLxy, resource_owner_secret=****, signature_method=HMAC-SHA1, signature_type=AUTH_HEADER, callback_uri=None, rsa_key=None, verifier=None, realm=None, encoding=utf-8, decoding=None, nonce=None, timestamp=None>
2022-11-17 09:43:29,965 Including body in call to sign: False
2022-11-17 09:43:29,965 Collected params: [('q', 'SenzoMeyiwatrial'), ('max_id', '1593020426309238783'), ('lang', 'en'), ('wait_on_rate_limit', 'True'), ('since', '2022-11-15'), ('until', '2022-11-17'), ('tweet_mode', 'extended'), ('oauth_nonce', '115990240946818521211668671009'), ('oauth_timestamp', '1668671009'), ('oauth_version', '1.0'), ('oauth_signature_method', 'HMAC-SHA1'), ('oauth_consumer_key', 'bpjfkCLCi4l1eerAzReaQ9XUl'), ('oauth_token', '1579383058645618688-BZvAvQNpSeUFojvR6Qbja4FUlkeLxy')]
2022-11-17 09:43:29,965 Normalized params: lang=en&max_id=1593020426309238783&oauth_consumer_key=bpjfkCLCi4l1eerAzReaQ9XUl&oauth_nonce=115990240946818521211668671009&oauth_signature_method=HMAC-SHA1&oauth_timestamp=1668671009&oauth_token=1579383058645618688-BZvAvQNpSeUFojvR6Qbja4FUlkeLxy&oauth_version=1.0&q=SenzoMeyiwatrial&since=2022-11-15&tweet_mode=extended&until=2022-11-17&wait_on_rate_limit=True
2022-11-17 09:43:29,965 Normalized URI: https://api.twitter.com/1.1/search/tweets.json
2022-11-17 09:43:29,965 Signing: signature base string: GET&https%3A%2F%2Fapi.twitter.com%2F1.1%2Fsearch%2Ftweets.json&lang%3Den%26max_id%3D1593020426309238783%26oauth_consumer_key%3DbpjfkCLCi4l1eerAzReaQ9XUl%26oauth_nonce%3D115990240946818521211668671009%26oauth_signature_method%3DHMAC-SHA1%26oauth_timestamp%3D1668671009%26oauth_token%3D1579383058645618688-BZvAvQNpSeUFojvR6Qbja4FUlkeLxy%26oauth_version%3D1.0%26q%3DSenzoMeyiwatrial%26since%3D2022-11-15%26tweet_mode%3Dextended%26until%3D2022-11-17%26wait_on_rate_limit%3DTrue
2022-11-17 09:43:29,965 Signature: NUPi02K0UUOOhbL6zviIsCnXOpE=
2022-11-17 09:43:29,965 Updated url: https://api.twitter.com/1.1/search/tweets.json?q=SenzoMeyiwatrial&max_id=1593020426309238783&lang=en&wait_on_rate_limit=True&since=2022-11-15&until=2022-11-17&tweet_mode=extended
2022-11-17 09:43:29,965 Updated headers: {'User-Agent': 'Python/3.10.7 Requests/2.28.1 Tweepy/4.11.0', 'Accept-Encoding': 'gzip, deflate', 'Accept': '*/*', 'Connection': 'keep-alive', 'Cookie': 'guest_id=v1%3A166867100622410366; guest_id_ads=v1%3A166867100622410366; guest_id_marketing=v1%3A166867100622410366; personalization_id="v1_ibUZ/KSbdmV63I3k1LgYbw=="; lang=en', 'Authorization': 'OAuth oauth_nonce="115990240946818521211668671009", oauth_timestamp="1668671009", oauth_version="1.0", oauth_signature_method="HMAC-SHA1", oauth_consumer_key="bpjfkCLCi4l1eerAzReaQ9XUl", oauth_token="1579383058645618688-BZvAvQNpSeUFojvR6Qbja4FUlkeLxy", oauth_signature="NUPi02K0UUOOhbL6zviIsCnXOpE%3D"'}
2022-11-17 09:43:29,965 Updated body: None
2022-11-17 09:43:29,966 Starting new HTTPS connection (1): api.twitter.com:443
2022-11-17 09:43:30,828 https://api.twitter.com:443 "GET /1.1/search/tweets.json?q=SenzoMeyiwatrial&max_id=1593020426309238783&lang=en&wait_on_rate_limit=True&since=2022-11-15&until=2022-11-17&tweet_mode=extended HTTP/1.1" 200 11461
2022-11-17 09:43:30,835 Unexpected parameter: wait_on_rate_limit
2022-11-17 09:43:30,835 Unexpected parameter: since
2022-11-17 09:43:30,835 PARAMS: {'q': 'SenzoMeyiwatrial', 'max_id': '1593017301565345792', 'lang': 'en', 'wait_on_rate_limit': 'True', 'since': '2022-11-15', 'until': '2022-11-17', 'tweet_mode': 'extended'}
2022-11-17 09:43:30,835 Signing request <PreparedRequest [GET]> using client <Client client_key=bpjfkCLCi4l1eerAzReaQ9XUl, client_secret=****, resource_owner_key=1579383058645618688-BZvAvQNpSeUFojvR6Qbja4FUlkeLxy, resource_owner_secret=****, signature_method=HMAC-SHA1, signature_type=AUTH_HEADER, callback_uri=None, rsa_key=None, verifier=None, realm=None, encoding=utf-8, decoding=None, nonce=None, timestamp=None>
2022-11-17 09:43:30,835 Including body in call to sign: False
2022-11-17 09:43:30,835 Collected params: [('q', 'SenzoMeyiwatrial'), ('max_id', '1593017301565345792'), ('lang', 'en'), ('wait_on_rate_limit', 'True'), ('since', '2022-11-15'), ('until', '2022-11-17'), ('tweet_mode', 'extended'), ('oauth_nonce', '63187730138979028261668671010'), ('oauth_timestamp', '1668671010'), ('oauth_version', '1.0'), ('oauth_signature_method', 'HMAC-SHA1'), ('oauth_consumer_key', 'bpjfkCLCi4l1eerAzReaQ9XUl'), ('oauth_token', '1579383058645618688-BZvAvQNpSeUFojvR6Qbja4FUlkeLxy')]
2022-11-17 09:43:30,836 Normalized params: lang=en&max_id=1593017301565345792&oauth_consumer_key=bpjfkCLCi4l1eerAzReaQ9XUl&oauth_nonce=63187730138979028261668671010&oauth_signature_method=HMAC-SHA1&oauth_timestamp=1668671010&oauth_token=1579383058645618688-BZvAvQNpSeUFojvR6Qbja4FUlkeLxy&oauth_version=1.0&q=SenzoMeyiwatrial&since=2022-11-15&tweet_mode=extended&until=2022-11-17&wait_on_rate_limit=True
2022-11-17 09:43:30,836 Normalized URI: https://api.twitter.com/1.1/search/tweets.json
2022-11-17 09:43:30,836 Signing: signature base string: GET&https%3A%2F%2Fapi.twitter.com%2F1.1%2Fsearch%2Ftweets.json&lang%3Den%26max_id%3D1593017301565345792%26oauth_consumer_key%3DbpjfkCLCi4l1eerAzReaQ9XUl%26oauth_nonce%3D63187730138979028261668671010%26oauth_signature_method%3DHMAC-SHA1%26oauth_timestamp%3D1668671010%26oauth_token%3D1579383058645618688-BZvAvQNpSeUFojvR6Qbja4FUlkeLxy%26oauth_version%3D1.0%26q%3DSenzoMeyiwatrial%26since%3D2022-11-15%26tweet_mode%3Dextended%26until%3D2022-11-17%26wait_on_rate_limit%3DTrue
2022-11-17 09:43:30,836 Signature: mB80+N8aqQS2J72tz6PHzW8qGBA=
2022-11-17 09:43:30,836 Updated url: https://api.twitter.com/1.1/search/tweets.json?q=SenzoMeyiwatrial&max_id=1593017301565345792&lang=en&wait_on_rate_limit=True&since=2022-11-15&until=2022-11-17&tweet_mode=extended
2022-11-17 09:43:30,836 Updated headers: {'User-Agent': 'Python/3.10.7 Requests/2.28.1 Tweepy/4.11.0', 'Accept-Encoding': 'gzip, deflate', 'Accept': '*/*', 'Connection': 'keep-alive', 'Cookie': 'guest_id=v1%3A166867100622410366; guest_id_ads=v1%3A166867100622410366; guest_id_marketing=v1%3A166867100622410366; personalization_id="v1_ibUZ/KSbdmV63I3k1LgYbw=="; lang=en', 'Authorization': 'OAuth oauth_nonce="63187730138979028261668671010", oauth_timestamp="1668671010", oauth_version="1.0", oauth_signature_method="HMAC-SHA1", oauth_consumer_key="bpjfkCLCi4l1eerAzReaQ9XUl", oauth_token="1579383058645618688-BZvAvQNpSeUFojvR6Qbja4FUlkeLxy", oauth_signature="mB80%2BN8aqQS2J72tz6PHzW8qGBA%3D"'}
2022-11-17 09:43:30,836 Updated body: None
2022-11-17 09:43:30,837 Starting new HTTPS connection (1): api.twitter.com:443
2022-11-17 09:43:31,800 https://api.twitter.com:443 "GET /1.1/search/tweets.json?q=SenzoMeyiwatrial&max_id=1593017301565345792&lang=en&wait_on_rate_limit=True&since=2022-11-15&until=2022-11-17&tweet_mode=extended HTTP/1.1" 200 13539
2022-11-17 09:43:31,808 Unexpected parameter: wait_on_rate_limit
2022-11-17 09:43:31,808 Unexpected parameter: since
2022-11-17 09:43:31,808 PARAMS: {'q': 'SenzoMeyiwatrial', 'max_id': '1593013556483874815', 'lang': 'en', 'wait_on_rate_limit': 'True', 'since': '2022-11-15', 'until': '2022-11-17', 'tweet_mode': 'extended'}
2022-11-17 09:43:31,808 Signing request <PreparedRequest [GET]> using client <Client client_key=bpjfkCLCi4l1eerAzReaQ9XUl, client_secret=****, resource_owner_key=1579383058645618688-BZvAvQNpSeUFojvR6Qbja4FUlkeLxy, resource_owner_secret=****, signature_method=HMAC-SHA1, signature_type=AUTH_HEADER, callback_uri=None, rsa_key=None, verifier=None, realm=None, encoding=utf-8, decoding=None, nonce=None, timestamp=None>
2022-11-17 09:43:31,808 Including body in call to sign: False
2022-11-17 09:43:31,809 Collected params: [('q', 'SenzoMeyiwatrial'), ('max_id', '1593013556483874815'), ('lang', 'en'), ('wait_on_rate_limit', 'True'), ('since', '2022-11-15'), ('until', '2022-11-17'), ('tweet_mode', 'extended'), ('oauth_nonce', '112732707808529472741668671011'), ('oauth_timestamp', '1668671011'), ('oauth_version', '1.0'), ('oauth_signature_method', 'HMAC-SHA1'), ('oauth_consumer_key', 'bpjfkCLCi4l1eerAzReaQ9XUl'), ('oauth_token', '1579383058645618688-BZvAvQNpSeUFojvR6Qbja4FUlkeLxy')]
2022-11-17 09:43:31,809 Normalized params: lang=en&max_id=1593013556483874815&oauth_consumer_key=bpjfkCLCi4l1eerAzReaQ9XUl&oauth_nonce=112732707808529472741668671011&oauth_signature_method=HMAC-SHA1&oauth_timestamp=1668671011&oauth_token=1579383058645618688-BZvAvQNpSeUFojvR6Qbja4FUlkeLxy&oauth_version=1.0&q=SenzoMeyiwatrial&since=2022-11-15&tweet_mode=extended&until=2022-11-17&wait_on_rate_limit=True
2022-11-17 09:43:31,809 Normalized URI: https://api.twitter.com/1.1/search/tweets.json
2022-11-17 09:43:31,809 Signing: signature base string: GET&https%3A%2F%2Fapi.twitter.com%2F1.1%2Fsearch%2Ftweets.json&lang%3Den%26max_id%3D1593013556483874815%26oauth_consumer_key%3DbpjfkCLCi4l1eerAzReaQ9XUl%26oauth_nonce%3D112732707808529472741668671011%26oauth_signature_method%3DHMAC-SHA1%26oauth_timestamp%3D1668671011%26oauth_token%3D1579383058645618688-BZvAvQNpSeUFojvR6Qbja4FUlkeLxy%26oauth_version%3D1.0%26q%3DSenzoMeyiwatrial%26since%3D2022-11-15%26tweet_mode%3Dextended%26until%3D2022-11-17%26wait_on_rate_limit%3DTrue
2022-11-17 09:43:31,809 Signature: vtifKKYSdSCPzN+K/JLLcwnTtO4=
2022-11-17 09:43:31,809 Updated url: https://api.twitter.com/1.1/search/tweets.json?q=SenzoMeyiwatrial&max_id=1593013556483874815&lang=en&wait_on_rate_limit=True&since=2022-11-15&until=2022-11-17&tweet_mode=extended
2022-11-17 09:43:31,809 Updated headers: {'User-Agent': 'Python/3.10.7 Requests/2.28.1 Tweepy/4.11.0', 'Accept-Encoding': 'gzip, deflate', 'Accept': '*/*', 'Connection': 'keep-alive', 'Cookie': 'guest_id=v1%3A166867100622410366; guest_id_ads=v1%3A166867100622410366; guest_id_marketing=v1%3A166867100622410366; personalization_id="v1_ibUZ/KSbdmV63I3k1LgYbw=="; lang=en', 'Authorization': 'OAuth oauth_nonce="112732707808529472741668671011", oauth_timestamp="1668671011", oauth_version="1.0", oauth_signature_method="HMAC-SHA1", oauth_consumer_key="bpjfkCLCi4l1eerAzReaQ9XUl", oauth_token="1579383058645618688-BZvAvQNpSeUFojvR6Qbja4FUlkeLxy", oauth_signature="vtifKKYSdSCPzN%2BK%2FJLLcwnTtO4%3D"'}
2022-11-17 09:43:31,809 Updated body: None
2022-11-17 09:43:31,810 Starting new HTTPS connection (1): api.twitter.com:443
2022-11-17 09:43:32,652 https://api.twitter.com:443 "GET /1.1/search/tweets.json?q=SenzoMeyiwatrial&max_id=1593013556483874815&lang=en&wait_on_rate_limit=True&since=2022-11-15&until=2022-11-17&tweet_mode=extended HTTP/1.1" 200 11879
2022-11-17 09:43:32,660 AttributeError - 'Status' object has no attribute 'retweeted_status'
2022-11-17 09:43:32,667 AttributeError - 'Status' object has no attribute 'retweeted_status'
2022-11-17 09:43:32,679 AttributeError - 'Status' object has no attribute 'retweeted_status'
2022-11-17 09:43:32,683 AttributeError - 'Status' object has no attribute 'retweeted_status'
2022-11-17 09:43:32,710 AttributeError - 'Status' object has no attribute 'retweeted_status'
2022-11-17 09:43:32,776 AttributeError - 'Status' object has no attribute 'retweeted_status'
2022-11-17 09:43:32,798 AttributeError - 'Status' object has no attribute 'retweeted_status'
2022-11-17 09:43:32,810 AttributeError - 'Status' object has no attribute 'retweeted_status'
2022-11-17 09:43:32,817 AttributeError - 'Status' object has no attribute 'retweeted_status'
2022-11-17 09:43:32,819 AttributeError - 'Status' object has no attribute 'retweeted_status'
